<?xml version="1.0" encoding="UTF-8"?>
<testng-results ignored="0" total="1" passed="1" failed="0" skipped="0">
  <reporter-output>
  </reporter-output>
  <suite started-at="2026-08-23T21:39:16 IST" name="Default suite" finished-at="2026-08-23T21:39:58 IST" duration-ms="42471">
    <groups>
    </groups>
    <test started-at="2026-08-23T21:39:16 IST" name="Default test" finished-at="2026-08-23T21:39:58 IST" duration-ms="42471">
      <class name="tests.RegisterTest">
        <test-method is-config="true" signature="setup()[pri:0, instance:tests.RegisterTest@3590fc5b]" started-at="2026-08-23T21:39:16 IST" name="setup" finished-at="2026-08-23T21:39:32 IST" duration-ms="15933" status="PASS">
          <reporter-output>
          </reporter-output>
        </test-method> <!-- setup -->
        <test-method signature="register()[pri:0, instance:tests.RegisterTest@3590fc5b]" started-at="2026-08-23T21:39:32 IST" name="register" finished-at="2026-08-23T21:39:57 IST" duration-ms="25608" status="PASS">
          <reporter-output>
          </reporter-output>
        </test-method> <!-- register -->
        <test-method is-config="true" signature="tearDown()[pri:0, instance:tests.RegisterTest@3590fc5b]" started-at="2026-08-23T21:39:57 IST" name="tearDown" finished-at="2026-08-23T21:39:58 IST" duration-ms="805" status="PASS">
          <reporter-output>
          </reporter-output>
        </test-method> <!-- tearDown -->
      </class> <!-- tests.RegisterTest -->
    </test> <!-- Default test -->
  </suite> <!-- Default suite -->
</testng-results>
